<?xml version="1.0" encoding="utf-8"?><testsuites name="pytest tests"><testsuite name="pytest" errors="0" failures="0" skipped="0" tests="102" time="30.032" timestamp="2026-09-21T20:20:23.833837+08:00" hostname="ccs-MacBook-Pro-2021.local"><testcase classname="pvfactors.tests.test_engine" name="test_pvengine_float_inputs_iso" time="0.006" /><testcase classname="pvfactors.tests.test_engine" name="test_pvengine_float_inputs_perez" time="0.014" /><testcase classname="pvfactors.tests.test_engine" name="test_pvengine_ts_inputs_perez" time="0.010" /><testcase classname="pvfactors.tests.test_engine" name="test_run_fast_mode_isotropic" time="0.004" /><testcase classname="pvfactors.tests.test_engine" name="test_run_fast_mode_perez" time="0.008" /><testcase classname="pvfactors.tests.test_engine" name="test_run_fast_mode_segments" time="0.013" /><testcase classname="pvfactors.tests.test_engine" name="test_run_fast_mode_back_shading" time="0.016" /><testcase classname="pvfactors.tests.test_engine" name="test_fast_mode_8760" time="0.082" /><testcase classname="pvfactors.tests.test_engine" name="test_run_fast_and_full_modes_sequentially" time="0.012" /><testcase classname="pvfactors.tests.test_engine" name="test_pvengine_float_inputs_perez_transparency_spacing_full" time="0.021" /><testcase classname="pvfactors.tests.test_engine" name="test_pvengine_float_inputs_perez_transparency_spacing_fast" time="0.014" /><testcase classname="pvfactors.tests.test_engine" name="test_check_direct_shading_continuity" time="0.012" /><testcase classname="pvfactors.tests.test_engine" name="test_check_tilt_zero_discontinuity" time="0.038" /><testcase classname="pvfactors.tests.test_engine" name="test_create_engine_with_rho_init" time="0.006" /><testcase classname="pvfactors.tests.test_engine" name="test_engine_w_faoi_fn_in_irradiance_vfcalcs" time="0.022" /><testcase classname="pvfactors.tests.test_engine" name="test_engine_variable_albedo" time="0.056" /><testcase classname="pvfactors.tests.test_geometry.test_base" name="test_baseside" time="0.001" /><testcase classname="pvfactors.tests.test_geometry.test_base" name="test_shade_collection" time="0.000" /><testcase classname="pvfactors.tests.test_geometry.test_base" name="test_pvsegment_setter" time="0.000" /><testcase classname="pvfactors.tests.test_geometry.test_base" name="test_pvsegment_deleter" time="0.000" /><testcase classname="pvfactors.tests.test_geometry.test_base" name="test_segment_shaded_length" time="0.000" /><testcase classname="pvfactors.tests.test_geometry.test_base" name="test_cast_shadow_segment" time="0.001" /><testcase classname="pvfactors.tests.test_geometry.test_base" name="test_remove_linestring_shadedcollection" time="0.000" /><testcase classname="pvfactors.tests.test_geometry.test_base" name="test_add_pvsurface_shadecollection" time="0.000" /><testcase classname="pvfactors.tests.test_geometry.test_base" name="test_cast_shadow_side" time="0.001" /><testcase classname="pvfactors.tests.test_geometry.test_base" name="test_pvsurface_difference_precision_error" time="0.000" /><testcase classname="pvfactors.tests.test_geometry.test_base" name="test_cast_shadow_segment_precision_error" time="0.000" /><testcase classname="pvfactors.tests.test_geometry.test_base" name="test_merge_shadecollection" time="0.000" /><testcase classname="pvfactors.tests.test_geometry.test_base" name="test_merge_shaded_areas_side" time="0.001" /><testcase classname="pvfactors.tests.test_geometry.test_base" name="test_shadecol_cut_at_point" time="0.000" /><testcase classname="pvfactors.tests.test_geometry.test_base" name="test_side_cut_at_point" time="0.000" /><testcase classname="pvfactors.tests.test_geometry.test_base" name="test_coords_from_center_tilt_length_float" time="0.000" /><testcase classname="pvfactors.tests.test_geometry.test_base" name="test_coords_from_center_tilt_length_vec" time="0.000" /><testcase classname="pvfactors.tests.test_geometry.test_base" name="test_solar_2d_vectors" time="0.000" /><testcase classname="pvfactors.tests.test_geometry.test_pvarray" name="test_ordered_pvarray_from_dict" time="0.002" /><testcase classname="pvfactors.tests.test_geometry.test_pvarray" name="test_plot_ordered_pvarray" time="20.027" /><testcase classname="pvfactors.tests.test_geometry.test_pvarray" name="test_discretization_ordered_pvarray" time="0.002" /><testcase classname="pvfactors.tests.test_geometry.test_pvarray" name="test_ts_surfaces_side_of_cut_point" time="0.001" /><testcase classname="pvfactors.tests.test_geometry.test_pvarray" name="test_ordered_pvarray_gnd_shadow_casting" time="0.002" /><testcase classname="pvfactors.tests.test_geometry.test_pvarray" name="test_ordered_pvarray_gnd_pvrow_shadow_casting_right" time="0.003" /><testcase classname="pvfactors.tests.test_geometry.test_pvarray" name="test_ordered_pvarray_gnd_pvrow_shadow_casting_left" time="0.003" /><testcase classname="pvfactors.tests.test_geometry.test_pvarray" name="test_ordered_pvarray_gnd_pvrow_shadow_casting_back" time="0.002" /><testcase classname="pvfactors.tests.test_geometry.test_pvarray" name="test_ordered_pvarray_gnd_pvrow_shadow_casting_right_n_seg" time="0.002" /><testcase classname="pvfactors.tests.test_geometry.test_pvarray" name="test_ordered_pvarray_gnd_pvrow_shadow_casting_back_n_seg" time="0.003" /><testcase classname="pvfactors.tests.test_geometry.test_pvarray" name="test_ordered_pvarray_cuts_for_pvrow_view" time="0.002" /><testcase classname="pvfactors.tests.test_geometry.test_pvarray" name="test_ordered_pvarray_list_surfaces" time="0.001" /><testcase classname="pvfactors.tests.test_geometry.test_pvarray" name="test_ts_surface_indices_order" time="0.001" /><testcase classname="pvfactors.tests.test_geometry.test_pvarray" name="test_param_names" time="0.002" /><testcase classname="pvfactors.tests.test_geometry.test_pvarray" name="test_orderedpvarray_almost_flat" time="0.001" /><testcase classname="pvfactors.tests.test_geometry.test_pvarray" name="test_ordered_pvarray_gnd_shadow_casting_tolerance" time="0.002" /><testcase classname="pvfactors.tests.test_geometry.test_pvarray" name="test_coords_ground_shadows" time="0.001" /><testcase classname="pvfactors.tests.test_geometry.test_pvarray" name="test_coords_cut_points" time="0.001" /><testcase classname="pvfactors.tests.test_geometry.test_pvarray" name="test_ordered_pvarray_from_dict_w_direct_shading" time="0.001" /><testcase classname="pvfactors.tests.test_geometry.test_pvarray" name="test_ordered_pvarray_direct_shading" time="0.002" /><testcase classname="pvfactors.tests.test_geometry.test_pvrow" name="test_pvrow" time="0.001" /><testcase classname="pvfactors.tests.test_geometry.test_timeseries" name="test_ts_pvrow" time="0.005" /><testcase classname="pvfactors.tests.test_geometry.test_timeseries" name="test_plot_ts_pvrow" time="0.025" /><testcase classname="pvfactors.tests.test_geometry.test_timeseries" name="test_ts_pvrow_to_geometry" time="0.006" /><testcase classname="pvfactors.tests.test_geometry.test_timeseries" name="test_ts_ground_from_ts_pvrow" time="0.008" /><testcase classname="pvfactors.tests.test_geometry.test_timeseries" name="test_ts_ground_overlap" time="0.000" /><testcase classname="pvfactors.tests.test_geometry.test_timeseries" name="test_ts_ground_to_geometry" time="0.001" /><testcase classname="pvfactors.tests.test_geometry.test_timeseries" name="test_shadows_coords_left_right_of_cut_point" time="0.001" /><testcase classname="pvfactors.tests.test_geometry.test_timeseries" name="test_ts_ground_elements_surfaces" time="0.000" /><testcase classname="pvfactors.tests.test_geometry.test_utils" name="test_projection" time="0.001" /><testcase classname="pvfactors.tests.test_geometry.test_utils" name="test_difference" time="0.001" /><testcase classname="pvfactors.tests.test_geometry.test_utils" name="test_contains_on_side" time="0.000" /><testcase classname="pvfactors.tests.test_irradiance.test_models" name="test_isotropic_model_front" time="0.003" /><testcase classname="pvfactors.tests.test_irradiance.test_models" name="test_isotropic_model_back" time="0.002" /><testcase classname="pvfactors.tests.test_irradiance.test_models" name="test_hybridperez_ordered_front" time="0.008" /><testcase classname="pvfactors.tests.test_irradiance.test_models" name="test_hybridperez_ordered_back" time="0.013" /><testcase classname="pvfactors.tests.test_irradiance.test_models" name="test_hybridperez_circ_shading" time="0.000" /><testcase classname="pvfactors.tests.test_irradiance.test_models" name="test_hybridperez_horizon_shading_ts" time="0.002" /><testcase classname="pvfactors.tests.test_irradiance.test_models" name="test_hybridperez_transform" time="0.043" /><testcase classname="pvfactors.tests.test_irradiance.test_models" name="test_hybridperez_ordered_transparency_spacing_front" time="0.006" /><testcase classname="pvfactors.tests.test_irradiance.test_models" name="test_hybridperez_ordered_transparency_spacing_back" time="0.011" /><testcase classname="pvfactors.tests.test_irradiance.test_models" name="test_isotropic_ordered_transparency_spacing" time="0.001" /><testcase classname="pvfactors.tests.test_irradiance.test_models" name="test_initialize_rho" time="0.000" /><testcase classname="pvfactors.tests.test_irradiance.test_utils" name="test_perez_diffuse_luminance" time="0.007" /><testcase classname="pvfactors.tests.test_irradiance.test_utils" name="test_calculate_circumsolar_shading" time="0.000" /><testcase classname="pvfactors.tests.test_irradiance.test_utils" name="test_calculate_horizon_band_shading" time="0.000" /><testcase classname="pvfactors.tests.test_run" name="test_run_timeseries_engine" time="0.044" /><testcase classname="pvfactors.tests.test_run" name="test_run_timeseries_engine_fast_mode" time="0.040" /><testcase classname="pvfactors.tests.test_run" name="test_params_irradiance_model" time="0.001" /><testcase classname="pvfactors.tests.test_run" name="test_run_parallel_engine_with_irradiance_params" time="3.674" /><testcase classname="pvfactors.tests.test_run" name="test_params_ghi_passed" time="0.001" /><testcase classname="pvfactors.tests.test_run" name="test_run_parallel_engine_with_ghi" time="2.669" /><testcase classname="pvfactors.tests.test_run" name="test_run_timeseries_faoi_fn" time="0.112" /><testcase classname="pvfactors.tests.test_run" name="test_run_parallel_faoi_fn" time="2.677" /><testcase classname="pvfactors.tests.test_viewfactors.test_aoi_methods" name="test_faoi_fn_from_pvlib" time="0.006" /><testcase classname="pvfactors.tests.test_viewfactors.test_aoi_methods" name="test_ts_aoi_methods" time="0.005" /><testcase classname="pvfactors.tests.test_viewfactors.test_aoi_methods" name="test_sanity_check" time="0.000" /><testcase classname="pvfactors.tests.test_viewfactors.test_aoi_methods" name="test_vf" time="0.000" /><testcase classname="pvfactors.tests.test_viewfactors.test_aoi_methods" name="test_calculate_aoi_angles" time="0.000" /><testcase classname="pvfactors.tests.test_viewfactors.test_aoi_methods" name="test_vf_aoi_pvrow_gnd_benchmark_no_obstruction" time="0.003" /><testcase classname="pvfactors.tests.test_viewfactors.test_aoi_methods" name="test_vf_aoi_pvrow_gnd_benchmark_with_obstruction" time="0.003" /><testcase classname="pvfactors.tests.test_viewfactors.test_aoi_methods" name="test_vf_aoi_pvrow_to_sky" time="0.002" /><testcase classname="pvfactors.tests.test_viewfactors.test_aoi_methods" name="test_rho_from_faoi_fn" time="0.004" /><testcase classname="pvfactors.tests.test_viewfactors.test_calculator" name="test_vfcalculator_vectorized" time="0.007" /><testcase classname="pvfactors.tests.test_viewfactors.test_calculator" name="test_vfcalculator_aoi_methods" time="0.017" /><testcase classname="pvfactors.tests.test_viewfactors.test_calculator" name="test_vfcalculator_no_aoi_functions" time="0.007" /><testcase classname="pvfactors.tests.test_viewfactors.test_calculator" name="test_ts_view_factors" time="0.003" /><testcase classname="pvfactors.tests.test_viewfactors.test_timeseries" name="test_vf_pvrow_to_gnd_surf_obstruction_hottel" time="0.002" /></testsuite></testsuites>